<?xml version="1.0" encoding="UTF-8"?>
<!-- Generated by org.testng.reporters.JUnitReportReporter -->
<testsuite hostname="Vishal" failures="0" tests="1" name="basic.neww" time="0.008" errors="0" timestamp="2022-10-01T19:26:22 GMT-07:00" skipped="0">
  <testcase classname="basic.neww" name="test" time="0.008"/>
  <system-out/>
</testsuite> <!-- basic.neww -->
